<?xml version="1.0" encoding="UTF-8"?>
<testng-results skipped="0" failed="0" ignored="0" total="1" passed="1">
  <reporter-output>
  </reporter-output>
  <suite name="tests.amazon.HomePageTest" duration-ms="2308" started-at="2019-04-18T18:24:23Z" finished-at="2019-04-18T18:24:25Z">
    <groups>
    </groups>
    <test name="Command line test" duration-ms="2308" started-at="2019-04-18T18:24:23Z" finished-at="2019-04-18T18:24:25Z">
      <class name="tests.amazon.HomePageTest">
        <test-method status="PASS" signature="setUp()[pri:0, instance:tests.amazon.HomePageTest@26ba2a48]" name="setUp" is-config="true" duration-ms="2218" started-at="2019-04-18T11:24:23Z" finished-at="2019-04-18T11:24:25Z">
          <reporter-output>
          </reporter-output>
        </test-method> <!-- setUp -->
        <test-method status="PASS" signature="doesSomething()[pri:0, instance:tests.amazon.HomePageTest@26ba2a48]" name="doesSomething" duration-ms="0" started-at="2019-04-18T11:24:25Z" finished-at="2019-04-18T11:24:25Z">
          <reporter-output>
          </reporter-output>
        </test-method> <!-- doesSomething -->
        <test-method status="PASS" signature="cleanUp()[pri:0, instance:tests.amazon.HomePageTest@26ba2a48]" name="cleanUp" is-config="true" duration-ms="75" started-at="2019-04-18T11:24:25Z" finished-at="2019-04-18T11:24:25Z">
          <reporter-output>
          </reporter-output>
        </test-method> <!-- cleanUp -->
      </class> <!-- tests.amazon.HomePageTest -->
    </test> <!-- Command line test -->
  </suite> <!-- tests.amazon.HomePageTest -->
</testng-results>
