<?xml version="1.0" encoding="UTF-8"?>
<testng-results ignored="0" total="1" passed="1" failed="0" skipped="0">
  <reporter-output>
  </reporter-output>
  <suite started-at="2019-03-31T17:16:14Z" name="tests.amazon.HomePageTest" finished-at="2019-03-31T17:16:15Z" duration-ms="1474">
    <groups>
    </groups>
    <test started-at="2019-03-31T17:16:14Z" name="Command line test" finished-at="2019-03-31T17:16:15Z" duration-ms="1474">
      <class name="tests.amazon.HomePageTest">
        <test-method is-config="true" signature="setUp()[pri:0, instance:tests.amazon.HomePageTest@6ce139a4]" started-at="2019-03-31T13:16:14Z" name="setUp" finished-at="2019-03-31T13:16:15Z" duration-ms="1389" status="PASS">
          <reporter-output>
          </reporter-output>
        </test-method> <!-- setUp -->
        <test-method signature="doesSomething()[pri:0, instance:tests.amazon.HomePageTest@6ce139a4]" started-at="2019-03-31T13:16:15Z" name="doesSomething" finished-at="2019-03-31T13:16:15Z" duration-ms="0" status="PASS">
          <reporter-output>
          </reporter-output>
        </test-method> <!-- doesSomething -->
        <test-method is-config="true" signature="cleanUp()[pri:0, instance:tests.amazon.HomePageTest@6ce139a4]" started-at="2019-03-31T13:16:15Z" name="cleanUp" finished-at="2019-03-31T13:16:15Z" duration-ms="75" status="PASS">
          <reporter-output>
          </reporter-output>
        </test-method> <!-- cleanUp -->
      </class> <!-- tests.amazon.HomePageTest -->
    </test> <!-- Command line test -->
  </suite> <!-- tests.amazon.HomePageTest -->
</testng-results>
